TN:
SF:src/abstractions/ApiError.ts
FN:21,(anonymous_0)
FNF:1
FNH:1
FNDA:1,(anonymous_0)
DA:1,1
DA:15,1
DA:17,1
DA:22,1
DA:23,1
DA:24,1
DA:25,1
DA:29,1
LF:8
LH:8
BRDA:21,0,0,1
BRDA:25,1,0,0
BRDA:25,1,1,1
BRF:3
BRH:2
end_of_record
TN:
SF:src/components/BaseController.ts
FN:11,(anonymous_1)
FN:22,(anonymous_2)
FNF:2
FNH:2
FNDA:1,(anonymous_1)
FNDA:2,(anonymous_2)
DA:1,1
DA:2,1
DA:3,1
DA:8,1
DA:12,1
DA:23,2
DA:24,1
LF:7
LH:7
BRDA:22,0,0,2
BRF:1
BRH:1
end_of_record
TN:
SF:src/components/system-status/SystemStatusController.ts
FN:17,(anonymous_7)
FN:24,(anonymous_8)
FN:39,(anonymous_9)
FN:70,(anonymous_10)
FN:88,(anonymous_11)
FN:115,(anonymous_12)
FN:149,(anonymous_13)
FNF:7
FNH:6
FNDA:1,(anonymous_7)
FNDA:0,(anonymous_8)
FNDA:3,(anonymous_9)
FNDA:1,(anonymous_10)
FNDA:2,(anonymous_11)
FNDA:2,(anonymous_12)
FNDA:2,(anonymous_13)
DA:2,1
DA:3,1
DA:4,1
DA:5,1
DA:6,1
DA:17,1
DA:19,1
DA:25,0
DA:26,0
DA:27,0
DA:28,0
DA:29,0
DA:30,0
DA:44,3
DA:45,3
DA:56,3
DA:58,3
DA:60,3
DA:71,1
DA:72,1
DA:78,1
DA:93,2
DA:94,2
DA:95,2
DA:98,2
DA:102,2
DA:103,2
DA:105,2
DA:120,2
DA:121,2
DA:122,2
DA:123,2
DA:125,2
DA:136,2
DA:137,2
DA:139,2
DA:154,2
DA:155,2
DA:164,2
DA:165,2
DA:167,2
LF:41
LH:35
BRF:0
BRH:0
end_of_record
TN:
SF:src/lib/crypto.ts
FN:6,(anonymous_1)
FN:10,(anonymous_2)
FN:15,(anonymous_3)
FN:24,(anonymous_4)
FNF:4
FNH:2
FNDA:0,(anonymous_1)
FNDA:0,(anonymous_2)
FNDA:4,(anonymous_3)
FNDA:3,(anonymous_4)
DA:1,3
DA:3,3
DA:4,3
DA:7,0
DA:11,0
DA:12,0
DA:13,0
DA:16,4
DA:17,4
DA:18,3
DA:19,3
DA:20,3
DA:21,3
DA:25,3
DA:26,3
DA:27,3
DA:28,3
DA:29,3
DA:30,3
LF:19
LH:15
BRDA:6,0,0,0
BRF:1
BRH:0
end_of_record
TN:
SF:src/lib/logger.ts
FNF:0
FNH:0
DA:1,1
DA:3,1
DA:5,1
DA:7,1
DA:8,0
DA:11,1
DA:19,1
LF:7
LH:6
BRDA:7,0,0,0
BRF:1
BRH:0
end_of_record
TN:
SF:src/middleware/error-handler.ts
FN:7,(anonymous_7)
FNF:1
FNH:1
FNDA:4,(anonymous_7)
DA:1,1
DA:3,1
DA:5,1
DA:7,1
DA:13,4
DA:14,4
DA:15,4
DA:21,4
DA:27,4
DA:28,4
DA:30,4
DA:33,1
LF:12
LH:12
BRDA:13,0,0,4
BRDA:14,1,0,4
BRDA:14,1,1,1
BRDA:23,2,0,4
BRDA:23,2,1,4
BRF:5
BRH:5
end_of_record
TN:
SF:src/utils/index.ts
FN:3,getEncryptedText
FNF:1
FNH:1
FNDA:6,getEncryptedText
DA:1,2
DA:4,6
DA:5,6
DA:8,6
DA:10,3
DA:11,3
DA:14,3
DA:17,2
DA:20,2
LF:9
LH:9
BRDA:8,0,0,3
BRDA:8,1,0,6
BRDA:8,1,1,4
BRDA:10,2,0,1
BRDA:10,2,1,2
BRF:5
BRH:5
end_of_record
