TN:
SF:src/abstractions/ApiError.ts
FN:21,(anonymous_0)
FNF:1
FNH:1
FNDA:1,(anonymous_0)
DA:1,1
DA:15,1
DA:17,1
DA:22,1
DA:23,1
DA:24,1
DA:25,1
DA:29,1
LF:8
LH:8
BRDA:21,0,0,1
BRDA:25,1,0,0
BRDA:25,1,1,1
BRF:3
BRH:2
end_of_record
TN:
SF:src/components/BaseController.ts
FN:10,(anonymous_0)
FN:21,(anonymous_1)
FNF:2
FNH:2
FNDA:1,(anonymous_0)
FNDA:4,(anonymous_1)
DA:1,1
DA:2,1
DA:7,1
DA:11,1
DA:22,4
DA:23,4
DA:24,4
LF:7
LH:7
BRDA:21,0,0,4
BRF:1
BRH:1
end_of_record
TN:
SF:src/components/system-status/SystemStatusController.ts
FN:17,(anonymous_7)
FN:24,(anonymous_8)
FN:39,(anonymous_9)
FN:70,(anonymous_10)
FN:88,(anonymous_11)
FN:115,(anonymous_12)
FN:149,(anonymous_13)
FNF:7
FNH:6
FNDA:1,(anonymous_7)
FNDA:0,(anonymous_8)
FNDA:1,(anonymous_9)
FNDA:1,(anonymous_10)
FNDA:1,(anonymous_11)
FNDA:1,(anonymous_12)
FNDA:1,(anonymous_13)
DA:2,1
DA:3,1
DA:4,1
DA:5,1
DA:6,1
DA:17,1
DA:19,1
DA:25,0
DA:26,0
DA:27,0
DA:28,0
DA:29,0
DA:30,0
DA:44,1
DA:45,1
DA:56,1
DA:58,1
DA:60,1
DA:71,1
DA:72,1
DA:78,1
DA:93,1
DA:94,1
DA:95,1
DA:98,1
DA:102,1
DA:103,1
DA:105,1
DA:120,1
DA:121,1
DA:122,1
DA:123,1
DA:125,1
DA:136,1
DA:137,1
DA:139,1
DA:154,1
DA:155,1
DA:164,1
DA:165,1
DA:167,1
LF:41
LH:35
BRF:0
BRH:0
end_of_record
TN:
SF:src/lib/logger.ts
FNF:0
FNH:0
DA:1,2
DA:3,2
DA:5,2
DA:7,2
DA:8,0
DA:11,2
DA:19,2
LF:7
LH:6
BRDA:7,0,0,0
BRF:1
BRH:0
end_of_record
TN:
SF:src/middleware/error-handler.ts
FN:7,(anonymous_7)
FNF:1
FNH:1
FNDA:4,(anonymous_7)
DA:1,1
DA:3,1
DA:5,1
DA:7,1
DA:13,4
DA:14,4
DA:15,4
DA:21,4
DA:27,4
DA:28,4
DA:30,4
DA:33,1
LF:12
LH:12
BRDA:13,0,0,4
BRDA:14,1,0,4
BRDA:14,1,1,1
BRDA:23,2,0,4
BRDA:23,2,1,4
BRF:5
BRH:5
end_of_record
